d:\cdt 280\game project\torches\torches\x64\debug\vc141.pdb
d:\cdt 280\game project\torches\torches\x64\debug\vc141.idb
d:\cdt 280\game project\torches\torches\x64\debug\sprite.obj
d:\cdt 280\game project\torches\torches\x64\debug\sequencekeeper.obj
d:\cdt 280\game project\torches\torches\x64\debug\screen.obj
d:\cdt 280\game project\torches\torches\x64\debug\room.obj
d:\cdt 280\game project\torches\torches\x64\debug\renderer.obj
d:\cdt 280\game project\torches\torches\x64\debug\player.obj
d:\cdt 280\game project\torches\torches\x64\debug\phasemaze.obj
d:\cdt 280\game project\torches\torches\x64\debug\phase.obj
d:\cdt 280\game project\torches\torches\x64\debug\mapgenerator.obj
d:\cdt 280\game project\torches\torches\x64\debug\main.obj
d:\cdt 280\game project\torches\torches\x64\debug\lighter.obj
d:\cdt 280\game project\torches\torches\x64\debug\item.obj
d:\cdt 280\game project\torches\torches\x64\debug\inputwriter.obj
d:\cdt 280\game project\torches\torches\x64\debug\inputreader.obj
d:\cdt 280\game project\torches\torches\x64\debug\inputbuffer.obj
d:\cdt 280\game project\torches\torches\x64\debug\healer.obj
d:\cdt 280\game project\torches\torches\x64\debug\gameobject.obj
d:\cdt 280\game project\torches\torches\x64\debug\game.obj
d:\cdt 280\game project\torches\torches\x64\debug\entitymanager.obj
d:\cdt 280\game project\torches\torches\x64\debug\entity.obj
d:\cdt 280\game project\torches\torches\x64\debug\phasecombat.obj
d:\cdt 280\game project\torches\torches\x64\debug\monster.obj
d:\cdt 280\game project\torches\torches\x64\debug\beastnu.obj
d:\cdt 280\game project\torches\torches\x64\debug\beastalpha.obj
d:\cdt280\torches\torches\x64\debug\vc141.pdb
d:\cdt280\torches\torches\x64\debug\vc141.idb
d:\cdt280\torches\torches\x64\debug\renderer.obj
d:\cdt280\torches\torches\x64\debug\player.obj
d:\cdt280\torches\torches\x64\debug\phasemaze.obj
d:\cdt280\torches\torches\x64\debug\phasecombat.obj
d:\cdt280\torches\torches\x64\debug\phase.obj
d:\cdt280\torches\torches\x64\debug\monster.obj
d:\cdt280\torches\torches\x64\debug\mapgenerator.obj
d:\cdt280\torches\torches\x64\debug\main.obj
d:\cdt280\torches\torches\x64\debug\lighter.obj
d:\cdt280\torches\torches\x64\debug\item.obj
d:\cdt280\torches\torches\x64\debug\inputwriter.obj
d:\cdt280\torches\torches\x64\debug\inputreader.obj
d:\cdt280\torches\torches\x64\debug\inputbuffer.obj
d:\cdt280\torches\torches\x64\debug\healer.obj
d:\cdt280\torches\torches\x64\debug\gameobject.obj
d:\cdt280\torches\torches\x64\debug\game.obj
d:\cdt280\torches\torches\x64\debug\entitymanager.obj
d:\cdt280\torches\torches\x64\debug\entity.obj
d:\cdt280\torches\torches\x64\debug\beastnu.obj
d:\cdt280\torches\torches\x64\debug\beastalpha.obj
d:\cdt280\torches\torches\x64\debug\sprite.obj
d:\cdt280\torches\torches\x64\debug\sequencekeeper.obj
d:\cdt280\torches\torches\x64\debug\screen.obj
d:\cdt280\torches\torches\x64\debug\room.obj
d:\cdt 280\game project\torches\torches\x64\debug\torches.exe
d:\cdt 280\game project\torches\torches\x64\debug\torches.ilk
d:\cdt 280\game project\torches\torches\x64\debug\torches.pdb
d:\cdt280\torches\torches\x64\debug\torches.ilk
d:\cdt280\torches\torches\x64\debug\torches.exe
d:\cdt280\torches\torches\x64\debug\torches.pdb
d:\cdt280\torches\torches\x64\debug\torches.tlog\cl.command.1.tlog
d:\cdt280\torches\torches\x64\debug\torches.tlog\cl.read.1.tlog
d:\cdt280\torches\torches\x64\debug\torches.tlog\cl.write.1.tlog
d:\cdt280\torches\torches\x64\debug\torches.tlog\link.command.1.tlog
d:\cdt280\torches\torches\x64\debug\torches.tlog\link.read.1.tlog
d:\cdt280\torches\torches\x64\debug\torches.tlog\link.write.1.tlog
